{"/home/nishant/library/src/index.js":{"path":"/home/nishant/library/src/index.js","s":{"1":1,"2":2,"3":1,"4":1,"5":1,"6":1,"7":1,"8":1,"9":2,"10":1,"11":1,"12":1,"13":3,"14":1,"15":1},"b":{"1":[0,2],"2":[2,2],"3":[1,1]},"f":{"1":2,"2":2},"fnMap":{"1":{"name":"_interopRequireDefault","line":5,"loc":{"start":{"line":5,"column":0},"end":{"line":5,"column":37}},"skip":true},"2":{"name":"random","line":17,"loc":{"start":{"line":17,"column":0},"end":{"line":17,"column":24}}}},"statementMap":{"1":{"start":{"line":5,"column":0},"end":{"line":5,"column":97},"skip":true},"2":{"start":{"line":5,"column":39},"end":{"line":5,"column":95},"skip":true},"3":{"start":{"line":7,"column":0},"end":{"line":7,"column":56}},"4":{"start":{"line":9,"column":0},"end":{"line":9,"column":69}},"5":{"start":{"line":11,"column":0},"end":{"line":11,"column":58}},"6":{"start":{"line":13,"column":0},"end":{"line":13,"column":69}},"7":{"start":{"line":15,"column":0},"end":{"line":15,"column":93}},"8":{"start":{"line":17,"column":0},"end":{"line":27,"column":1}},"9":{"start":{"line":18,"column":2},"end":{"line":26,"column":3}},"10":{"start":{"line":19,"column":4},"end":{"line":19,"column":32}},"11":{"start":{"line":21,"column":4},"end":{"line":21,"column":30}},"12":{"start":{"line":22,"column":4},"end":{"line":24,"column":5}},"13":{"start":{"line":23,"column":6},"end":{"line":23,"column":50}},"14":{"start":{"line":25,"column":4},"end":{"line":25,"column":28}},"15":{"start":{"line":29,"column":0},"end":{"line":32,"column":2}}},"branchMap":{"1":{"line":5,"type":"cond-expr","locations":[{"start":{"line":5,"column":70},"end":{"line":5,"column":73},"skip":true},{"start":{"line":5,"column":76},"end":{"line":5,"column":94},"skip":true}]},"2":{"line":5,"type":"binary-expr","locations":[{"start":{"line":5,"column":46},"end":{"line":5,"column":49},"skip":true},{"start":{"line":5,"column":53},"end":{"line":5,"column":67},"skip":true}]},"3":{"line":18,"type":"if","locations":[{"start":{"line":18,"column":2},"end":{"line":18,"column":2}},{"start":{"line":18,"column":2},"end":{"line":18,"column":2}}]}}}}